This is pdfTeX, Version 3.14159265-2.6-1.40.21 (TeX Live 2020) (preloaded format=pdflatex 2020.4.7)  11 DEC 2020 05:36
entering extended mode
 restricted \write18 enabled.
 %&-line parsing enabled.
**report.tex
(./report.tex
LaTeX2e <2020-02-02> patch level 5
L3 programming layer <2020-03-06> (/usr/local/texlive/2020/texmf-dist/tex/latex
/base/article.cls
Document Class: article 2019/12/20 v1.4l Standard LaTeX document class
(/usr/local/texlive/2020/texmf-dist/tex/latex/base/size12.clo
File: size12.clo 2019/12/20 v1.4l Standard LaTeX file (size option)
)
\c@part=\count167
\c@section=\count168
\c@subsection=\count169
\c@subsubsection=\count170
\c@paragraph=\count171
\c@subparagraph=\count172
\c@figure=\count173
\c@table=\count174
\abovecaptionskip=\skip47
\belowcaptionskip=\skip48
\bibindent=\dimen134
) (/usr/local/texlive/2020/texmf-dist/tex/latex/amsmath/amsmath.sty
Package: amsmath 2020/01/20 v2.17e AMS math features
\@mathmargin=\skip49
For additional information on amsmath, use the `?' option.
(/usr/local/texlive/2020/texmf-dist/tex/latex/amsmath/amstext.sty
Package: amstext 2000/06/29 v2.01 AMS text
(/usr/local/texlive/2020/texmf-dist/tex/latex/amsmath/amsgen.sty
File: amsgen.sty 1999/11/30 v2.0 generic functions
\@emptytoks=\toks15
\ex@=\dimen135
)) (/usr/local/texlive/2020/texmf-dist/tex/latex/amsmath/amsbsy.sty
Package: amsbsy 1999/11/29 v1.2d Bold Symbols
\pmbraise@=\dimen136
) (/usr/local/texlive/2020/texmf-dist/tex/latex/amsmath/amsopn.sty
Package: amsopn 2016/03/08 v2.02 operator names
)
\inf@bad=\count175
LaTeX Info: Redefining \frac on input line 227.
\uproot@=\count176
\leftroot@=\count177
LaTeX Info: Redefining \overline on input line 389.
\classnum@=\count178
\DOTSCASE@=\count179
LaTeX Info: Redefining \ldots on input line 486.
LaTeX Info: Redefining \dots on input line 489.
LaTeX Info: Redefining \cdots on input line 610.
\Mathstrutbox@=\box45
\strutbox@=\box46
\big@size=\dimen137
LaTeX Font Info:    Redeclaring font encoding OML on input line 733.
LaTeX Font Info:    Redeclaring font encoding OMS on input line 734.
\macc@depth=\count180
\c@MaxMatrixCols=\count181
\dotsspace@=\muskip16
\c@parentequation=\count182
\dspbrk@lvl=\count183
\tag@help=\toks16
\row@=\count184
\column@=\count185
\maxfields@=\count186
\andhelp@=\toks17
\eqnshift@=\dimen138
\alignsep@=\dimen139
\tagshift@=\dimen140
\tagwidth@=\dimen141
\totwidth@=\dimen142
\lineht@=\dimen143
\@envbody=\toks18
\multlinegap=\skip50
\multlinetaggap=\skip51
\mathdisplay@stack=\toks19
LaTeX Info: Redefining \[ on input line 2859.
LaTeX Info: Redefining \] on input line 2860.
) (/usr/local/texlive/2020/texmf-dist/tex/latex/graphics/graphicx.sty
Package: graphicx 2019/11/30 v1.2a Enhanced LaTeX Graphics (DPC,SPQR)
(/usr/local/texlive/2020/texmf-dist/tex/latex/graphics/keyval.sty
Package: keyval 2014/10/28 v1.15 key=value parser (DPC)
\KV@toks@=\toks20
) (/usr/local/texlive/2020/texmf-dist/tex/latex/graphics/graphics.sty
Package: graphics 2019/11/30 v1.4a Standard LaTeX Graphics (DPC,SPQR)
(/usr/local/texlive/2020/texmf-dist/tex/latex/graphics/trig.sty
Package: trig 2016/01/03 v1.10 sin cos tan (DPC)
) (/usr/local/texlive/2020/texmf-dist/tex/latex/graphics-cfg/graphics.cfg
File: graphics.cfg 2016/06/04 v1.11 sample graphics configuration
)
Package graphics Info: Driver file: pdftex.def on input line 105.
(/usr/local/texlive/2020/texmf-dist/tex/latex/graphics-def/pdftex.def
File: pdftex.def 2018/01/08 v1.0l Graphics/color driver for pdftex
))
\Gin@req@height=\dimen144
\Gin@req@width=\dimen145
) (/usr/local/texlive/2020/texmf-dist/tex/latex/psfrag/psfrag.sty
Package: psfrag 1998/04/11 v3.04 PSfrag (MCG)
\pfg@pcount=\count187
\pfg@scount=\count188
\pfg@temp=\write3
) (/usr/local/texlive/2020/texmf-dist/tex/generic/epsf/epsf.sty
This is `epsf.tex' v2.7.4 <14 February 2011>
\epsffilein=\read2
\epsfframemargin=\dimen146
\epsfframethickness=\dimen147
\epsfrsize=\dimen148
\epsftmp=\dimen149
\epsftsize=\dimen150
\epsfxsize=\dimen151
\epsfysize=\dimen152
\pspoints=\dimen153
) (/usr/local/texlive/2020/texmf-dist/tex/latex/tools/enumerate.sty
Package: enumerate 2015/07/23 v3.00 enumerate extensions (DPC)
\@enLab=\toks21
) (/usr/local/texlive/2020/texmf-dist/tex/latex/natbib/natbib.sty
Package: natbib 2010/09/13 8.31b (PWD, AO)
\bibhang=\skip52
\bibsep=\skip53
LaTeX Info: Redefining \cite on input line 694.
\c@NAT@ctr=\count189
) (/usr/local/texlive/2020/texmf-dist/tex/latex/base/textcomp.sty
Package: textcomp 2020/02/02 v2.0n Standard LaTeX package
) (/usr/local/texlive/2020/texmf-dist/tex/latex/url/url.sty
\Urlmuskip=\muskip17
Package: url 2013/09/16  ver 3.4  Verb mode for urls, etc.
) (/usr/local/texlive/2020/texmf-dist/tex/latex/hyperref/hyperref.sty
Package: hyperref 2020/01/14 v7.00d Hypertext links for LaTeX
(/usr/local/texlive/2020/texmf-dist/tex/generic/ltxcmds/ltxcmds.sty
Package: ltxcmds 2019/12/15 v1.24 LaTeX kernel commands for general use (HO)
) (/usr/local/texlive/2020/texmf-dist/tex/generic/iftex/iftex.sty
Package: iftex 2020/03/06 v1.0d TeX engine tests
) (/usr/local/texlive/2020/texmf-dist/tex/latex/pdftexcmds/pdftexcmds.sty
Package: pdftexcmds 2019/11/24 v0.31 Utility functions of pdfTeX for LuaTeX (HO
)
(/usr/local/texlive/2020/texmf-dist/tex/generic/infwarerr/infwarerr.sty
Package: infwarerr 2019/12/03 v1.5 Providing info/warning/error messages (HO)
)
Package pdftexcmds Info: \pdf@primitive is available.
Package pdftexcmds Info: \pdf@ifprimitive is available.
Package pdftexcmds Info: \pdfdraftmode found.
) (/usr/local/texlive/2020/texmf-dist/tex/generic/kvsetkeys/kvsetkeys.sty
Package: kvsetkeys 2019/12/15 v1.18 Key value parser (HO)
) (/usr/local/texlive/2020/texmf-dist/tex/generic/kvdefinekeys/kvdefinekeys.sty
Package: kvdefinekeys 2019-12-19 v1.6 Define keys (HO)
) (/usr/local/texlive/2020/texmf-dist/tex/generic/pdfescape/pdfescape.sty
Package: pdfescape 2019/12/09 v1.15 Implements pdfTeX's escape features (HO)
) (/usr/local/texlive/2020/texmf-dist/tex/latex/hycolor/hycolor.sty
Package: hycolor 2020-01-27 v1.10 Color options for hyperref/bookmark (HO)
) (/usr/local/texlive/2020/texmf-dist/tex/latex/letltxmacro/letltxmacro.sty
Package: letltxmacro 2019/12/03 v1.6 Let assignment for LaTeX macros (HO)
) (/usr/local/texlive/2020/texmf-dist/tex/latex/auxhook/auxhook.sty
Package: auxhook 2019-12-17 v1.6 Hooks for auxiliary files (HO)
) (/usr/local/texlive/2020/texmf-dist/tex/latex/kvoptions/kvoptions.sty
Package: kvoptions 2019/11/29 v3.13 Key value format for package options (HO)
)
\@linkdim=\dimen154
\Hy@linkcounter=\count190
\Hy@pagecounter=\count191
(/usr/local/texlive/2020/texmf-dist/tex/latex/hyperref/pd1enc.def
File: pd1enc.def 2020/01/14 v7.00d Hyperref: PDFDocEncoding definition (HO)
Now handling font encoding PD1 ...
... no UTF-8 mapping file for font encoding PD1
) (/usr/local/texlive/2020/texmf-dist/tex/generic/intcalc/intcalc.sty
Package: intcalc 2019/12/15 v1.3 Expandable calculations with integers (HO)
) (/usr/local/texlive/2020/texmf-dist/tex/generic/etexcmds/etexcmds.sty
Package: etexcmds 2019/12/15 v1.7 Avoid name clashes with e-TeX commands (HO)
)
\Hy@SavedSpaceFactor=\count192
Package hyperref Info: Hyper figures OFF on input line 4547.
Package hyperref Info: Link nesting OFF on input line 4552.
Package hyperref Info: Hyper index ON on input line 4555.
Package hyperref Info: Plain pages OFF on input line 4562.
Package hyperref Info: Backreferencing OFF on input line 4567.
Package hyperref Info: Implicit mode ON; LaTeX internals redefined.
Package hyperref Info: Bookmarks ON on input line 4800.
\c@Hy@tempcnt=\count193
LaTeX Info: Redefining \url on input line 5159.
\XeTeXLinkMargin=\dimen155
(/usr/local/texlive/2020/texmf-dist/tex/generic/bitset/bitset.sty
Package: bitset 2019/12/09 v1.3 Handle bit-vector datatype (HO)
(/usr/local/texlive/2020/texmf-dist/tex/generic/bigintcalc/bigintcalc.sty
Package: bigintcalc 2019/12/15 v1.5 Expandable calculations on big integers (HO
)
))
\Fld@menulength=\count194
\Field@Width=\dimen156
\Fld@charsize=\dimen157
Package hyperref Info: Hyper figures OFF on input line 6430.
Package hyperref Info: Link nesting OFF on input line 6435.
Package hyperref Info: Hyper index ON on input line 6438.
Package hyperref Info: backreferencing OFF on input line 6445.
Package hyperref Info: Link coloring OFF on input line 6450.
Package hyperref Info: Link coloring with OCG OFF on input line 6455.
Package hyperref Info: PDF/A mode OFF on input line 6460.
LaTeX Info: Redefining \ref on input line 6500.
LaTeX Info: Redefining \pageref on input line 6504.
(/usr/local/texlive/2020/texmf-dist/tex/generic/atbegshi/atbegshi.sty
Package: atbegshi 2019/12/05 v1.19 At begin shipout hook (HO)
)
\Hy@abspage=\count195
\c@Item=\count196
\c@Hfootnote=\count197
)
Package hyperref Info: Driver (autodetected): hpdftex.
(/usr/local/texlive/2020/texmf-dist/tex/latex/hyperref/hpdftex.def
File: hpdftex.def 2020/01/14 v7.00d Hyperref driver for pdfTeX
(/usr/local/texlive/2020/texmf-dist/tex/latex/atveryend/atveryend.sty
Package: atveryend 2019-12-11 v1.11 Hooks at the very end of document (HO)
Package atveryend Info: \enddocument detected (standard20110627).
)
\Fld@listcount=\count198
\c@bookmark@seq@number=\count199

(/usr/local/texlive/2020/texmf-dist/tex/latex/rerunfilecheck/rerunfilecheck.sty
Package: rerunfilecheck 2019/12/05 v1.9 Rerun checks for auxiliary files (HO)

(/usr/local/texlive/2020/texmf-dist/tex/generic/uniquecounter/uniquecounter.sty
Package: uniquecounter 2019/12/15 v1.4 Provide unlimited unique counter (HO)
)
Package uniquecounter Info: New unique counter `rerunfilecheck' on input line 2
86.
)
\Hy@SectionHShift=\skip54
) (/usr/local/texlive/2020/texmf-dist/tex/latex/graphics/color.sty
Package: color 2019/11/23 v1.2a Standard LaTeX Color (DPC)
(/usr/local/texlive/2020/texmf-dist/tex/latex/graphics-cfg/color.cfg
File: color.cfg 2016/01/02 v1.6 sample color configuration
)
Package color Info: Driver file: pdftex.def on input line 147.
) (/usr/local/texlive/2020/texmf-dist/tex/latex/fancyvrb/fancyvrb.sty
Package: fancyvrb 2020/01/13 v3.5 verbatim text (tvz,hv)
\FV@CodeLineNo=\count266
\FV@InFile=\read3
\FV@TabBox=\box47
\c@FancyVerbLine=\count267
\FV@StepNumber=\count268
\FV@OutFile=\write4
) (/usr/local/texlive/2020/texmf-dist/tex/latex/framed/framed.sty
Package: framed 2011/10/22 v 0.96: framed or shaded text with page breaks
\OuterFrameSep=\skip55
\fb@frw=\dimen158
\fb@frh=\dimen159
\FrameRule=\dimen160
\FrameSep=\dimen161
) (/usr/local/texlive/2020/texmf-dist/tex/latex/float/float.sty
Package: float 2001/11/08 v1.3d Float enhancements (AL)
\c@float@type=\count269
\float@exts=\toks22
\float@box=\box48
\@float@everytoks=\toks23
\@floatcapt=\box49
) (/usr/local/texlive/2020/texmf-dist/tex/latex/xcolor/xcolor.sty
Package: xcolor 2016/05/11 v2.12 LaTeX color extensions (UK)
(/usr/local/texlive/2020/texmf-dist/tex/latex/graphics-cfg/color.cfg
File: color.cfg 2016/01/02 v1.6 sample color configuration
)
Package xcolor Info: Driver file: pdftex.def on input line 225.
LaTeX Info: Redefining \color on input line 709.
Package xcolor Info: Model `cmy' substituted by `cmy0' on input line 1348.
Package xcolor Info: Model `hsb' substituted by `rgb' on input line 1352.
Package xcolor Info: Model `RGB' extended on input line 1364.
Package xcolor Info: Model `HTML' substituted by `rgb' on input line 1366.
Package xcolor Info: Model `Hsb' substituted by `hsb' on input line 1367.
Package xcolor Info: Model `tHsb' substituted by `hsb' on input line 1368.
Package xcolor Info: Model `HSB' substituted by `hsb' on input line 1369.
Package xcolor Info: Model `Gray' substituted by `gray' on input line 1370.
Package xcolor Info: Model `wave' substituted by `hsb' on input line 1371.
) (/usr/local/texlive/2020/texmf-dist/tex/latex/booktabs/booktabs.sty
Package: booktabs 2020/01/12 v1.61803398 Publication quality tables
\heavyrulewidth=\dimen162
\lightrulewidth=\dimen163
\cmidrulewidth=\dimen164
\belowrulesep=\dimen165
\belowbottomsep=\dimen166
\aboverulesep=\dimen167
\abovetopsep=\dimen168
\cmidrulesep=\dimen169
\cmidrulekern=\dimen170
\defaultaddspace=\dimen171
\@cmidla=\count270
\@cmidlb=\count271
\@aboverulesep=\dimen172
\@belowrulesep=\dimen173
\@thisruleclass=\count272
\@lastruleclass=\count273
\@thisrulewidth=\dimen174
) (/usr/local/texlive/2020/texmf-dist/tex/latex/tools/longtable.sty
Package: longtable 2020/01/07 v4.13 Multi-page Table package (DPC)
\LTleft=\skip56
\LTright=\skip57
\LTpre=\skip58
\LTpost=\skip59
\LTchunksize=\count274
\LTcapwidth=\dimen175
\LT@head=\box50
\LT@firsthead=\box51
\LT@foot=\box52
\LT@lastfoot=\box53
\LT@cols=\count275
\LT@rows=\count276
\c@LT@tables=\count277
\c@LT@chunks=\count278
\LT@p@ftn=\toks24
) (/usr/local/texlive/2020/texmf-dist/tex/latex/tools/array.sty
Package: array 2019/08/31 v2.4l Tabular extension package (FMi)
\col@sep=\dimen176
\ar@mcellbox=\box54
\extrarowheight=\dimen177
\NC@list=\toks25
\extratabsurround=\skip60
\backup@length=\skip61
\ar@cellbox=\box55
) (/usr/local/texlive/2020/texmf-dist/tex/latex/multirow/multirow.sty
Package: multirow 2019/05/31 v2.5 Span multiple rows of a table
\multirow@colwidth=\skip62
\multirow@cntb=\count279
\multirow@dima=\skip63
\bigstrutjot=\dimen178
) (/usr/local/texlive/2020/texmf-dist/tex/latex/wrapfig/wrapfig.sty
\wrapoverhang=\dimen179
\WF@size=\dimen180
\c@WF@wrappedlines=\count280
\WF@box=\box56
\WF@everypar=\toks26
Package: wrapfig 2003/01/31  v 3.6
) (/usr/local/texlive/2020/texmf-dist/tex/latex/colortbl/colortbl.sty
Package: colortbl 2020/01/04 v1.0e Color table columns (DPC)
\everycr=\toks27
\minrowclearance=\skip64
) (/usr/local/texlive/2020/texmf-dist/tex/latex/pdflscape/pdflscape.sty
Package: pdflscape 2019/12/05 v0.12 Display of landscape pages in PDF (HO)
(/usr/local/texlive/2020/texmf-dist/tex/latex/graphics/lscape.sty
Package: lscape 2000/10/22 v3.01 Landscape Pages (DPC)
)
Package pdflscape Info: Auto-detected driver: pdftex on input line 81.
) (/usr/local/texlive/2020/texmf-dist/tex/latex/tabu/tabu.sty
Package: tabu 2019/01/11 v2.9 - flexible LaTeX tabulars (FC+tabu-fixed)
(/usr/local/texlive/2020/texmf-dist/tex/latex/varwidth/varwidth.sty
Package: varwidth 2009/03/30 ver 0.92;  Variable-width minipages
\@vwid@box=\box57
\sift@deathcycles=\count281
\@vwid@loff=\dimen181
\@vwid@roff=\dimen182
)
\c@taburow=\count282
\tabu@nbcols=\count283
\tabu@cnt=\count284
\tabu@Xcol=\count285
\tabu@alloc=\count286
\tabu@nested=\count287
\tabu@target=\dimen183
\tabu@spreadtarget=\dimen184
\tabu@naturalX=\dimen185
\tabucolX=\dimen186
\tabu@Xsum=\dimen187
\extrarowdepth=\dimen188
\abovetabulinesep=\dimen189
\belowtabulinesep=\dimen190
\tabustrutrule=\dimen191
\tabu@thebody=\toks28
\tabu@footnotes=\toks29
\tabu@box=\box58
\tabu@arstrutbox=\box59
\tabu@hleads=\box60
\tabu@vleads=\box61
\tabu@cellskip=\skip65
)
(/usr/local/texlive/2020/texmf-dist/tex/latex/threeparttable/threeparttable.sty
Package: threeparttable 2003/06/13  v 3.0
\@tempboxb=\box62
)
(/usr/local/texlive/2020/texmf-dist/tex/latex/threeparttablex/threeparttablex.s
ty
Package: threeparttablex 2013/07/23 v0.3 by daleif
(/usr/local/texlive/2020/texmf-dist/tex/latex/environ/environ.sty
Package: environ 2014/05/04 v0.3 A new way to define environments
(/usr/local/texlive/2020/texmf-dist/tex/latex/trimspaces/trimspaces.sty
Package: trimspaces 2009/09/17 v1.1 Trim spaces around a token list
))
\TPTL@width=\skip66
) (/usr/local/texlive/2020/texmf-dist/tex/generic/ulem/ulem.sty
\UL@box=\box63
\UL@hyphenbox=\box64
\UL@skip=\skip67
\UL@hook=\toks30
\UL@height=\dimen192
\UL@pe=\count288
\UL@pixel=\dimen193
\ULC@box=\box65
Package: ulem 2019/11/18
\ULdepth=\dimen194
) (/usr/local/texlive/2020/texmf-dist/tex/latex/makecell/makecell.sty
Package: makecell 2009/08/03 V0.1e Managing of Tab Column Heads and Cells
\rotheadsize=\dimen195
\c@nlinenum=\count289
\TeXr@lab=\toks31
) (/usr/local/texlive/2020/texmf-dist/tex/latex/l3backend/l3backend-pdfmode.def
File: l3backend-pdfmode.def 2020-03-12 L3 backend support: PDF mode
\l__kernel_color_stack_int=\count290
\l__pdf_internal_box=\box66
) (./report.aux

LaTeX Warning: Label `fig:word-freq' multiply defined.

)
\openout1 = `report.aux'.

LaTeX Font Info:    Checking defaults for OML/cmm/m/it on input line 85.
LaTeX Font Info:    ... okay on input line 85.
LaTeX Font Info:    Checking defaults for OMS/cmsy/m/n on input line 85.
LaTeX Font Info:    ... okay on input line 85.
LaTeX Font Info:    Checking defaults for OT1/cmr/m/n on input line 85.
LaTeX Font Info:    ... okay on input line 85.
LaTeX Font Info:    Checking defaults for T1/cmr/m/n on input line 85.
LaTeX Font Info:    ... okay on input line 85.
LaTeX Font Info:    Checking defaults for TS1/cmr/m/n on input line 85.
LaTeX Font Info:    ... okay on input line 85.
LaTeX Font Info:    Checking defaults for OMX/cmex/m/n on input line 85.
LaTeX Font Info:    ... okay on input line 85.
LaTeX Font Info:    Checking defaults for U/cmr/m/n on input line 85.
LaTeX Font Info:    ... okay on input line 85.
LaTeX Font Info:    Checking defaults for PD1/pdf/m/n on input line 85.
LaTeX Font Info:    ... okay on input line 85.
(/usr/local/texlive/2020/texmf-dist/tex/context/base/mkii/supp-pdf.mkii
[Loading MPS to PDF converter (version 2006.09.02).]
\scratchcounter=\count291
\scratchdimen=\dimen196
\scratchbox=\box67
\nofMPsegments=\count292
\nofMParguments=\count293
\everyMPshowfont=\toks32
\MPscratchCnt=\count294
\MPscratchDim=\dimen197
\MPnumerator=\count295
\makeMPintoPDFobject=\count296
\everyMPtoPDFconversion=\toks33
) (/usr/local/texlive/2020/texmf-dist/tex/latex/epstopdf-pkg/epstopdf-base.sty
Package: epstopdf-base 2020-01-24 v2.11 Base part for package epstopdf
Package epstopdf-base Info: Redefining graphics rule for `.eps' on input line 4
85.
(/usr/local/texlive/2020/texmf-dist/tex/latex/latexconfig/epstopdf-sys.cfg
File: epstopdf-sys.cfg 2010/07/13 v1.3 Configuration of (r)epstopdf for TeX Liv
e
))
\AtBeginShipoutBox=\box68
Package hyperref Info: Link coloring OFF on input line 85.
(/usr/local/texlive/2020/texmf-dist/tex/latex/hyperref/nameref.sty
Package: nameref 2019/09/16 v2.46 Cross-referencing by name of section
(/usr/local/texlive/2020/texmf-dist/tex/latex/refcount/refcount.sty
Package: refcount 2019/12/15 v3.6 Data extraction from label references (HO)
)
(/usr/local/texlive/2020/texmf-dist/tex/generic/gettitlestring/gettitlestring.s
ty
Package: gettitlestring 2019/12/15 v1.6 Cleanup title references (HO)
)
\c@section@level=\count297
)
LaTeX Info: Redefining \ref on input line 85.
LaTeX Info: Redefining \pageref on input line 85.
LaTeX Info: Redefining \nameref on input line 85.
(./report.out) (./report.out)
\@outlinefile=\write5
\openout5 = `report.out'.

[1
Non-PDF special ignored!
<special> header=psfrag.pro

{/usr/local/texlive/2020/texmf-var/fonts/map/pdftex/updmap/pdftex.map}] [2] [3]
[4]

Package xcolor Warning: Incompatible color definition on input line 264.

LaTeX Font Info:    Font shape `OT1/cmtt/bx/n' in size <12> not available
(Font)              Font shape `OT1/cmtt/m/n' tried instead on input line 271.
LaTeX Font Info:    Trying to load font information for OMS+cmtt on input line 
271.
LaTeX Font Info:    No file OMScmtt.fd. on input line 271.

LaTeX Font Warning: Font shape `OMS/cmtt/m/n' undefined
(Font)              using `OMS/cmsy/m/n' instead
(Font)              for symbol `textbraceleft' on input line 271.


Package xcolor Warning: Incompatible color definition on input line 299.


Package xcolor Warning: Incompatible color definition on input line 299.


Package xcolor Warning: Incompatible color definition on input line 299.

[5]

Package xcolor Warning: Incompatible color definition on input line 299.


Package xcolor Warning: Incompatible color definition on input line 299.


Package xcolor Warning: Incompatible color definition on input line 339.

[6]

Package xcolor Warning: Incompatible color definition on input line 370.


Package xcolor Warning: Incompatible color definition on input line 370.


LaTeX Warning: `!h' float specifier changed to `!ht'.

[7]
<images/perceptron-example.jpg, id=262, 733.74126pt x 262.9825pt>
File: images/perceptron-example.jpg Graphic file (type jpg)
<use images/perceptron-example.jpg>
Package pdftex.def Info: images/perceptron-example.jpg  used on input line 421.

(pdftex.def)             Requested size: 416.04016pt x 149.11507pt.
[8pdfTeX warning (ext4): destination with the same identifier (name{table.1}) h
as been already used, duplicate ignored

\AtBegShi@Output ...ipout \box \AtBeginShipoutBox 
                                                  \fi \fi 
l.427 
      ] [9pdfTeX warning (ext4): destination with the same identifier (name{fig
ure.1}) has been already used, duplicate ignored

\AtBegShi@Output ...ipout \box \AtBeginShipoutBox 
                                                  \fi \fi 
l.460 
       <./images/perceptron-example.jpg>]
<images/neural-network-example.png, id=295, 479.7925pt x 326.21875pt>
File: images/neural-network-example.png Graphic file (type png)
<use images/neural-network-example.png>
Package pdftex.def Info: images/neural-network-example.png  used on input line 
463.
(pdftex.def)             Requested size: 323.58757pt x 220.01393pt.
[10pdfTeX warning (ext4): destination with the same identifier (name{figure.2})
 has been already used, duplicate ignored

\AtBegShi@Output ...ipout \box \AtBeginShipoutBox 
                                                  \fi \fi 
l.490 
       <./images/neural-network-example.png>] [11] [12]
Overfull \hbox (19.38025pt too wide) in paragraph at lines 604--604
[]\OT1/cmtt/m/n/12 ## [1] "\"Investigators: Anthony Bourdain was killed by Clin
ton operatives.\""[] 
 []

[13]
Overfull \hbox (31.73026pt too wide) in paragraph at lines 612--612
[]\OT1/cmtt/m/n/12 ## [1] "Says that people \"went out in their boats to watch\
" Hurricane Harvey."[] 
 []

<report_files/figure-latex/word-freq-1.pdf, id=344, 423.5825pt x 280.04625pt>
File: report_files/figure-latex/word-freq-1.pdf Graphic file (type pdf)
<use report_files/figure-latex/word-freq-1.pdf>
Package pdftex.def Info: report_files/figure-latex/word-freq-1.pdf  used on inp
ut line 628.
(pdftex.def)             Requested size: 423.58147pt x 280.04555pt.
[14pdfTeX warning (ext4): destination with the same identifier (name{figure.3})
 has been already used, duplicate ignored

\AtBegShi@Output ...ipout \box \AtBeginShipoutBox 
                                                  \fi \fi 
l.640 
       <./report_files/figure-latex/word-freq-1.pdf>] [15] [16]
<report_files/figure-latex/unnamed-chunk-7-1.pdf, id=374, 168.63pt x 192.72pt>
File: report_files/figure-latex/unnamed-chunk-7-1.pdf Graphic file (type pdf)
<use report_files/figure-latex/unnamed-chunk-7-1.pdf>
Package pdftex.def Info: report_files/figure-latex/unnamed-chunk-7-1.pdf  used 
on input line 727.
(pdftex.def)             Requested size: 168.62958pt x 192.71951pt.
[17pdfTeX warning (ext4): destination with the same identifier (name{table.2}) 
has been already used, duplicate ignored

\AtBegShi@Output ...ipout \box \AtBeginShipoutBox 
                                                  \fi \fi 
l.733 
      ] [18pdfTeX warning (ext4): destination with the same identifier (name{fi
gure.4}) has been already used, duplicate ignored

\AtBegShi@Output ...ipout \box \AtBeginShipoutBox 
                                                  \fi \fi 
l.739 \newpage
               <./report_files/figure-latex/unnamed-chunk-7-1.pdf>] [19] [20]

Package xcolor Warning: Incompatible color definition on input line 853.


Package xcolor Warning: Incompatible color definition on input line 857.


Package xcolor Warning: Incompatible color definition on input line 857.


Package xcolor Warning: Incompatible color definition on input line 866.


Package xcolor Warning: Incompatible color definition on input line 887.


Package xcolor Warning: Incompatible color definition on input line 887.


Package xcolor Warning: Incompatible color definition on input line 887.

[21]

Package xcolor Warning: Incompatible color definition on input line 887.


Package xcolor Warning: Incompatible color definition on input line 887.


Overfull \hbox (37.90526pt too wide) in paragraph at lines 896--896
[]\OT1/cmtt/m/n/12 ## $ article_claim       <chr> "\"When you tally up their re
presentation in Co...[] 
 []


Overfull \hbox (37.90526pt too wide) in paragraph at lines 896--896
[]\OT1/cmtt/m/n/12 ## $ targets_numerical   <dbl> 1, 0, 0, 0, 1, 0, 1, 0, 1, 0,
 1, 1, 0, 0, 1, 0,...[] 
 []


Overfull \hbox (37.90526pt too wide) in paragraph at lines 896--896
[]\OT1/cmtt/m/n/12 ## $ targets_categorical <fct> 1, 0, 0, 0, 1, 0, 1, 0, 1, 0,
 1, 1, 0, 0, 1, 0,...[] 
 []


Overfull \hbox (37.90526pt too wide) in paragraph at lines 896--896
[]\OT1/cmtt/m/n/12 ## $ article_id          <int> 1, 2, 3, 4, 5, 6, 7, 8, 9, 10
, 11, 12, 13, 14, ...[] 
 []


Package xcolor Warning: Incompatible color definition on input line 913.


Package xcolor Warning: Incompatible color definition on input line 937.


Package xcolor Warning: Incompatible color definition on input line 937.


Package xcolor Warning: Incompatible color definition on input line 937.

[22]

Package xcolor Warning: Incompatible color definition on input line 937.


Package xcolor Warning: Incompatible color definition on input line 937.


Package xcolor Warning: Incompatible color definition on input line 946.


Package xcolor Warning: Incompatible color definition on input line 955.


Package xcolor Warning: Incompatible color definition on input line 955.


Overfull \hbox (37.90526pt too wide) in paragraph at lines 964--964
[]\OT1/cmtt/m/n/12 ## $ article_id          <int> 1, 2, 3, 4, 5, 6, 7, 8, 9, 10
, 11, 12, 13, 14, ...[] 
 []


Overfull \hbox (37.90526pt too wide) in paragraph at lines 964--964
[]\OT1/cmtt/m/n/12 ## $ article_text        <chr> "tally representation congres
s governorship dem...[] 
 []


Overfull \hbox (37.90526pt too wide) in paragraph at lines 964--964
[]\OT1/cmtt/m/n/12 ## $ targets_numerical   <dbl> 1, 0, 0, 0, 1, 0, 1, 0, 1, 0,
 1, 1, 0, 0, 1, 0,...[] 
 []


Overfull \hbox (37.90526pt too wide) in paragraph at lines 964--964
[]\OT1/cmtt/m/n/12 ## $ targets_categorical <fct> 1, 0, 0, 0, 1, 0, 1, 0, 1, 0,
 1, 1, 0, 0, 1, 0,...[] 
 []


Package xcolor Warning: Incompatible color definition on input line 974.

[23]

Package xcolor Warning: Incompatible color definition on input line 1001.


Package xcolor Warning: Incompatible color definition on input line 1001.


Package xcolor Warning: Incompatible color definition on input line 1006.

[24]

Package xcolor Warning: Incompatible color definition on input line 1010.


Package xcolor Warning: Incompatible color definition on input line 1010.


Package xcolor Warning: Incompatible color definition on input line 1018.


Package xcolor Warning: Incompatible color definition on input line 1022.


Package xcolor Warning: Incompatible color definition on input line 1022.


Package xcolor Warning: Incompatible color definition on input line 1058.


Package xcolor Warning: Incompatible color definition on input line 1073.


Package xcolor Warning: Incompatible color definition on input line 1073.


Package xcolor Warning: Incompatible color definition on input line 1073.

[25]

Package xcolor Warning: Incompatible color definition on input line 1073.


Package xcolor Warning: Incompatible color definition on input line 1073.


Package xcolor Warning: Incompatible color definition on input line 1079.


Package xcolor Warning: Incompatible color definition on input line 1086.


Package xcolor Warning: Incompatible color definition on input line 1086.

[26]

Package xcolor Warning: Incompatible color definition on input line 1110.


Package xcolor Warning: Incompatible color definition on input line 1118.


Package xcolor Warning: Incompatible color definition on input line 1118.


Package xcolor Warning: Incompatible color definition on input line 1126.


Package xcolor Warning: Incompatible color definition on input line 1142.


Package xcolor Warning: Incompatible color definition on input line 1142.

[27]

Package xcolor Warning: Incompatible color definition on input line 1155.


Package xcolor Warning: Incompatible color definition on input line 1159.


Package xcolor Warning: Incompatible color definition on input line 1159.


Package xcolor Warning: Incompatible color definition on input line 1170.


Package xcolor Warning: Incompatible color definition on input line 1174.


Package xcolor Warning: Incompatible color definition on input line 1174.

[28]
Overfull \hbox (10.58029pt too wide) in paragraph at lines 1198--1201
\OT1/cmr/m/n/12 We can use the \OT1/cmtt/m/n/12 e1071 \OT1/cmr/m/n/12 pack-age 
to run a Naive Bayes model. Note that the \OT1/cmtt/m/n/12 e1071::naiveBayes
 []


Package xcolor Warning: Incompatible color definition on input line 1202.


Package xcolor Warning: Incompatible color definition on input line 1217.


Package xcolor Warning: Incompatible color definition on input line 1217.


Package xcolor Warning: Incompatible color definition on input line 1226.


Package xcolor Warning: Incompatible color definition on input line 1231.


Package xcolor Warning: Incompatible color definition on input line 1231.


Package xcolor Warning: Incompatible color definition on input line 1238.

[29]

Package xcolor Warning: Incompatible color definition on input line 1243.


Package xcolor Warning: Incompatible color definition on input line 1243.


Package xcolor Warning: Incompatible color definition on input line 1250.


Package xcolor Warning: Incompatible color definition on input line 1255.


Package xcolor Warning: Incompatible color definition on input line 1255.


Package xcolor Warning: Incompatible color definition on input line 1268.


Package xcolor Warning: Incompatible color definition on input line 1274.


Package xcolor Warning: Incompatible color definition on input line 1274.


Package xcolor Warning: Incompatible color definition on input line 1278.


Package xcolor Warning: Incompatible color definition on input line 1300.


Package xcolor Warning: Incompatible color definition on input line 1300.


Package xcolor Warning: Incompatible color definition on input line 1300.

[30]

Package xcolor Warning: Incompatible color definition on input line 1300.


Package xcolor Warning: Incompatible color definition on input line 1300.


Package xcolor Warning: Incompatible color definition on input line 1309.


Package xcolor Warning: Incompatible color definition on input line 1314.


Package xcolor Warning: Incompatible color definition on input line 1314.


Package xcolor Warning: Incompatible color definition on input line 1321.


Package xcolor Warning: Incompatible color definition on input line 1326.


Package xcolor Warning: Incompatible color definition on input line 1326.

[31]

Package xcolor Warning: Incompatible color definition on input line 1359.


Package xcolor Warning: Incompatible color definition on input line 1400.


Package xcolor Warning: Incompatible color definition on input line 1400.


Package xcolor Warning: Incompatible color definition on input line 1400.

[32]

Package xcolor Warning: Incompatible color definition on input line 1400.


Package xcolor Warning: Incompatible color definition on input line 1400.


Package xcolor Warning: Incompatible color definition on input line 1409.


Package xcolor Warning: Incompatible color definition on input line 1414.


Package xcolor Warning: Incompatible color definition on input line 1414.

[33]

Package xcolor Warning: Incompatible color definition on input line 1421.


Package xcolor Warning: Incompatible color definition on input line 1426.


Package xcolor Warning: Incompatible color definition on input line 1426.


Package xcolor Warning: Incompatible color definition on input line 1445.


Package xcolor Warning: Incompatible color definition on input line 1459.


Package xcolor Warning: Incompatible color definition on input line 1459.


Package xcolor Warning: Incompatible color definition on input line 1468.

[34]

Package xcolor Warning: Incompatible color definition on input line 1473.


Package xcolor Warning: Incompatible color definition on input line 1473.


Package xcolor Warning: Incompatible color definition on input line 1480.


Package xcolor Warning: Incompatible color definition on input line 1485.


Package xcolor Warning: Incompatible color definition on input line 1485.


Package xcolor Warning: Incompatible color definition on input line 1502.


Package xcolor Warning: Incompatible color definition on input line 1515.


Package xcolor Warning: Incompatible color definition on input line 1515.

[35]

Package xcolor Warning: Incompatible color definition on input line 1524.


Package xcolor Warning: Incompatible color definition on input line 1529.


Package xcolor Warning: Incompatible color definition on input line 1529.


Package xcolor Warning: Incompatible color definition on input line 1536.


Package xcolor Warning: Incompatible color definition on input line 1541.


Package xcolor Warning: Incompatible color definition on input line 1541.

[36]
Overfull \hbox (41.12173pt too wide) in paragraph at lines 1571--1581
\OT1/cmr/m/n/12 ated a file out-lin-ing the prob-lem that can be found in the d
i-rec-tory \OT1/cmtt/m/n/12 scratch-work/keras-reprex.R\OT1/cmr/m/n/12 . 
 []


Package xcolor Warning: Incompatible color definition on input line 1582.


Package xcolor Warning: Incompatible color definition on input line 1606.


Package xcolor Warning: Incompatible color definition on input line 1606.


Package xcolor Warning: Incompatible color definition on input line 1606.

[37]

Package xcolor Warning: Incompatible color definition on input line 1606.


Package xcolor Warning: Incompatible color definition on input line 1606.

<report_files/figure-latex/unnamed-chunk-25-1.pdf, id=520, 412.54124pt x 280.04
625pt>
File: report_files/figure-latex/unnamed-chunk-25-1.pdf Graphic file (type pdf)
<use report_files/figure-latex/unnamed-chunk-25-1.pdf>
Package pdftex.def Info: report_files/figure-latex/unnamed-chunk-25-1.pdf  used
 on input line 1609.
(pdftex.def)             Requested size: 412.54024pt x 280.04555pt.

Package xcolor Warning: Incompatible color definition on input line 1620.

[38pdfTeX warning (ext4): destination with the same identifier (name{figure.5})
 has been already used, duplicate ignored

\AtBegShi@Output ...ipout \box \AtBeginShipoutBox 
                                                  \fi \fi 
l.1620 \begin{Shaded}
                      <./report_files/figure-latex/unnamed-chunk-25-1.pdf>]

Package xcolor Warning: Incompatible color definition on input line 1640.


Package xcolor Warning: Incompatible color definition on input line 1640.


Package xcolor Warning: Incompatible color definition on input line 1647.


Package xcolor Warning: Incompatible color definition on input line 1659.


Package xcolor Warning: Incompatible color definition on input line 1659.

[39]

Package xcolor Warning: Incompatible color definition on input line 1668.


Package xcolor Warning: Incompatible color definition on input line 1673.


Package xcolor Warning: Incompatible color definition on input line 1673.


Package xcolor Warning: Incompatible color definition on input line 1680.


Package xcolor Warning: Incompatible color definition on input line 1685.


Package xcolor Warning: Incompatible color definition on input line 1685.


Package xcolor Warning: Incompatible color definition on input line 1710.


Package xcolor Warning: Incompatible color definition on input line 1729.


Package xcolor Warning: Incompatible color definition on input line 1729.


Package xcolor Warning: Incompatible color definition on input line 1729.

[40]

Package xcolor Warning: Incompatible color definition on input line 1729.


Package xcolor Warning: Incompatible color definition on input line 1729.


Package xcolor Warning: Incompatible color definition on input line 1743.


Package xcolor Warning: Incompatible color definition on input line 1769.


Package xcolor Warning: Incompatible color definition on input line 1769.


Package xcolor Warning: Incompatible color definition on input line 1769.

[41]

Package xcolor Warning: Incompatible color definition on input line 1769.


Package xcolor Warning: Incompatible color definition on input line 1769.

<report_files/figure-latex/unnamed-chunk-29-1.pdf, id=552, 412.54124pt x 280.04
625pt>
File: report_files/figure-latex/unnamed-chunk-29-1.pdf Graphic file (type pdf)
<use report_files/figure-latex/unnamed-chunk-29-1.pdf>
Package pdftex.def Info: report_files/figure-latex/unnamed-chunk-29-1.pdf  used
 on input line 1772.
(pdftex.def)             Requested size: 412.54024pt x 280.04555pt.
[42]

Package xcolor Warning: Incompatible color definition on input line 1782.


Package xcolor Warning: Incompatible color definition on input line 1809.


Package xcolor Warning: Incompatible color definition on input line 1809.


Package xcolor Warning: Incompatible color definition on input line 1809.

[43pdfTeX warning (ext4): destination with the same identifier (name{figure.6})
 has been already used, duplicate ignored

\AtBegShi@Output ...ipout \box \AtBeginShipoutBox 
                                                  \fi \fi 
l.1809 \end{Shaded}
                    <./report_files/figure-latex/unnamed-chunk-29-1.pdf>]

Package xcolor Warning: Incompatible color definition on input line 1809.


Package xcolor Warning: Incompatible color definition on input line 1809.


Package xcolor Warning: Incompatible color definition on input line 1818.


Package xcolor Warning: Incompatible color definition on input line 1823.


Package xcolor Warning: Incompatible color definition on input line 1823.


Package xcolor Warning: Incompatible color definition on input line 1830.


Package xcolor Warning: Incompatible color definition on input line 1835.


Package xcolor Warning: Incompatible color definition on input line 1835.

[44] [45] (./report.bbl
Underfull \hbox (badness 10000) in paragraph at lines 9--12
[]\OT1/cmr/m/it/12 Analyzing Texts with the Text2vec Pack-age \OT1/cmr/m/n/12 (
n.d.), https://cran.r-
 []


Underfull \hbox (badness 10000) in paragraph at lines 23--25
[]\OT1/cmr/m/it/12 Black Box \OT1/cmr/m/n/12 (n.d.), https://www.thelancet.com/
journals/lanres/article/PIIS2213-
 []


Underfull \hbox (badness 10000) in paragraph at lines 32--35
[]\OT1/cmr/m/n/12 Brownlee, J. (2017), `A Gen-tle In-tro-duc-tion to the Bag-of
-Words Model',
 []


Overfull \hbox (8.56541pt too wide) in paragraph at lines 46--49
[]\OT1/cmr/m/n/12 Cybiant (n.d.), `Nat-u-ral Lan-guage Pro-cess-ing', https://w
ww.cybiant.com/resources/natural-
 []


Underfull \hbox (badness 10000) in paragraph at lines 51--55
[]\OT1/cmr/m/n/12 Desai, S. (n.d.), `Re-search Guides: Fake News, Lies and Pro-
pa-
 []


Underfull \hbox (badness 10000) in paragraph at lines 51--55
\OT1/cmr/m/n/12 ganda: How to Sort Fact from Fic-tion: What is Fake News?',
 []


Underfull \hbox (badness 3098) in paragraph at lines 62--65
[]\OT1/cmr/m/it/12 How to Build a Neu-ral Net-work With Keras Us-ing the IMDB D
ataset \OT1/cmr/m/n/12 (n.d.),
 []

[46]
Overfull \hbox (2.56474pt too wide) in paragraph at lines 67--69
[]\OT1/cmr/m/it/12 Long Short-Term Mem-ory \OT1/cmr/m/n/12 (2020), https://en.w
ikipedia.org/w/index.php?title=Long[]short-
 []


Underfull \hbox (badness 4556) in paragraph at lines 72--76
[]\OT1/cmr/m/n/12 Mitchell, A., Got-tfried, J., Stock-ing, G., Walker, M. & Fed
eli, S. (2019),
 []


Underfull \hbox (badness 10000) in paragraph at lines 84--87
[]\OT1/cmr/m/n/12 Nagpal, A. (2017), `L1 and L2 Reg-u-lar-iza-tion Meth-ods',
 []


Underfull \hbox (badness 10000) in paragraph at lines 91--94
\OT1/cmr/m/n/12 https://missinglink.ai/guides/neural-network-concepts/perceptro
ns-and-multi-layer-
 []


Underfull \hbox (badness 10000) in paragraph at lines 105--108
[]\OT1/cmr/m/n/12 Shear, M. D. (2020), `Fact-Checking the Fi-nal Pres-i-den-tia
l De-bate',
 []


Underfull \hbox (badness 10000) in paragraph at lines 113--115
[]\OT1/cmr/m/it/12 Stemming and Lemma-ti-za-tion \OT1/cmr/m/n/12 (n.d.), https:
//nlp.stanford.edu/IR-
 []


Underfull \hbox (badness 10000) in paragraph at lines 117--119
[]\OT1/cmr/m/n/12 Taboada, M. & Torabi Asr, F. (n.d.), `Fake News De-tec-tion',

 []


Underfull \hbox (badness 10000) in paragraph at lines 122--125
[]\OT1/cmr/m/it/12 Vocabulary - Nat-u-ral Lan-guage Pro-cess-ing with Ma-chine 
Learn-ing \OT1/cmr/m/n/12 (n.d.),
 []

[47]
Overfull \hbox (45.52068pt too wide) in paragraph at lines 128--131
[]\OT1/cmr/m/it/12 What Is Nat-u-ral Lan-guage Pro-cess-ing? \OT1/cmr/m/n/12 (n
.d.), https://www.sas.com/en[]us/insights/analytics/what-
 []


Underfull \hbox (badness 6428) in paragraph at lines 134--137
[]\OT1/cmr/m/it/12 What Is Per-cep-tron | Sim-plilearn \OT1/cmr/m/n/12 (n.d.), 
https://www.simplilearn.com/what-is-
 []

)
Package atveryend Info: Empty hook `BeforeClearDocument' on input line 1850.
[48]
Package atveryend Info: Empty hook `AfterLastShipout' on input line 1850.
(./report.aux)
Package atveryend Info: Executing hook `AtVeryEndDocument' on input line 1850.
Package atveryend Info: Executing hook `AtEndAfterFileList' on input line 1850.

Package rerunfilecheck Info: File `report.out' has not changed.
(rerunfilecheck)             Checksum: C3E1572EEBCB749633FF064BDC3D6604;2287.

LaTeX Font Warning: Some font shapes were not available, defaults substituted.


LaTeX Warning: There were multiply-defined labels.

Package atveryend Info: Empty hook `AtVeryVeryEnd' on input line 1850.
 ) 
Here is how much of TeX's memory you used:
 9093 strings out of 480608
 136017 string characters out of 5903631
 420638 words of memory out of 5000000
 24603 multiletter control sequences out of 15000+600000
 541246 words of font info for 56 fonts, out of 8000000 for 9000
 1141 hyphenation exceptions out of 8191
 34i,9n,37p,298b,468s stack positions out of 5000i,500n,10000p,200000b,80000s
{/usr/local/texlive/2020/texmf-dist/fonts/enc/dvips/cm-super/cm-super-ts1.enc
}</usr/local/texlive/2020/texmf-dist/fonts/type1/public/amsfonts/cm/cmbx10.pfb>
</usr/local/texlive/2020/texmf-dist/fonts/type1/public/amsfonts/cm/cmbx12.pfb><
/usr/local/texlive/2020/texmf-dist/fonts/type1/public/amsfonts/cm/cmitt10.pfb><
/usr/local/texlive/2020/texmf-dist/fonts/type1/public/amsfonts/cm/cmmi12.pfb></
usr/local/texlive/2020/texmf-dist/fonts/type1/public/amsfonts/cm/cmr10.pfb></us
r/local/texlive/2020/texmf-dist/fonts/type1/public/amsfonts/cm/cmr12.pfb></usr/
local/texlive/2020/texmf-dist/fonts/type1/public/amsfonts/cm/cmr7.pfb></usr/loc
al/texlive/2020/texmf-dist/fonts/type1/public/amsfonts/cm/cmr8.pfb></usr/local/
texlive/2020/texmf-dist/fonts/type1/public/amsfonts/cm/cmsy10.pfb></usr/local/t
exlive/2020/texmf-dist/fonts/type1/public/amsfonts/cm/cmti10.pfb></usr/local/te
xlive/2020/texmf-dist/fonts/type1/public/amsfonts/cm/cmti12.pfb></usr/local/tex
live/2020/texmf-dist/fonts/type1/public/amsfonts/cm/cmtt12.pfb></usr/local/texl
ive/2020/texmf-dist/fonts/type1/public/cm-super/sfrm1200.pfb>
Output written on report.pdf (48 pages, 345519 bytes).
PDF statistics:
 676 PDF objects out of 1000 (max. 8388607)
 592 compressed objects within 6 object streams
 177 named destinations out of 1000 (max. 500000)
 279 words of extra memory for PDF output out of 10000 (max. 10000000)

